{"/home/battery/Start React Namasty React 2024 Learning/src/Components/Body.js": {"path":"/home/battery/Start React Namasty React 2024 Learning/src/Components/Body.js","statementMap":{"0":{"start":{"line":13,"column":11},"end":{"line":91,"column":1}},"1":{"start":{"line":15,"column":37},"end":{"line":15,"column":60}},"2":{"start":{"line":17,"column":43},"end":{"line":17,"column":55}},"3":{"start":{"line":18,"column":51},"end":{"line":18,"column":63}},"4":{"start":{"line":19,"column":36},"end":{"line":19,"column":48}},"5":{"start":{"line":23,"column":4},"end":{"line":25,"column":9}},"6":{"start":{"line":24,"column":8},"end":{"line":24,"column":20}},"7":{"start":{"line":27,"column":20},"end":{"line":36,"column":5}},"8":{"start":{"line":28,"column":19},"end":{"line":28,"column":192}},"9":{"start":{"line":29,"column":19},"end":{"line":29,"column":36}},"10":{"start":{"line":33,"column":8},"end":{"line":33,"column":100}},"11":{"start":{"line":34,"column":8},"end":{"line":34,"column":104}},"12":{"start":{"line":46,"column":25},"end":{"line":46,"column":42}},"13":{"start":{"line":48,"column":6},"end":{"line":50,"column":7}},"14":{"start":{"line":49,"column":8},"end":{"line":49,"column":99}},"15":{"start":{"line":53,"column":4},"end":{"line":90,"column":5}},"16":{"start":{"line":57,"column":105},"end":{"line":57,"column":134}},"17":{"start":{"line":59,"column":44},"end":{"line":59,"column":135}},"18":{"start":{"line":59,"column":72},"end":{"line":59,"column":134}},"19":{"start":{"line":60,"column":24},"end":{"line":60,"column":60}},"20":{"start":{"line":62,"column":20},"end":{"line":62,"column":47}},"21":{"start":{"line":67,"column":39},"end":{"line":67,"column":90}},"22":{"start":{"line":67,"column":67},"end":{"line":67,"column":89}},"23":{"start":{"line":68,"column":20},"end":{"line":68,"column":55}},"24":{"start":{"line":69,"column":20},"end":{"line":69,"column":46}},"25":{"start":{"line":73,"column":120},"end":{"line":73,"column":147}},"26":{"start":{"line":80,"column":20},"end":{"line":82,"column":17}}},"fnMap":{"0":{"name":"(anonymous_0)","decl":{"start":{"line":13,"column":11},"end":{"line":13,"column":12}},"loc":{"start":{"line":13,"column":15},"end":{"line":91,"column":1}},"line":13},"1":{"name":"(anonymous_1)","decl":{"start":{"line":23,"column":14},"end":{"line":23,"column":15}},"loc":{"start":{"line":23,"column":18},"end":{"line":25,"column":5}},"line":23},"2":{"name":"(anonymous_2)","decl":{"start":{"line":27,"column":20},"end":{"line":27,"column":21}},"loc":{"start":{"line":27,"column":29},"end":{"line":36,"column":5}},"line":27},"3":{"name":"(anonymous_3)","decl":{"start":{"line":57,"column":100},"end":{"line":57,"column":101}},"loc":{"start":{"line":57,"column":105},"end":{"line":57,"column":134}},"line":57},"4":{"name":"(anonymous_4)","decl":{"start":{"line":58,"column":87},"end":{"line":58,"column":88}},"loc":{"start":{"line":58,"column":91},"end":{"line":63,"column":21}},"line":58},"5":{"name":"(anonymous_5)","decl":{"start":{"line":59,"column":65},"end":{"line":59,"column":66}},"loc":{"start":{"line":59,"column":72},"end":{"line":59,"column":134}},"line":59},"6":{"name":"(anonymous_6)","decl":{"start":{"line":66,"column":97},"end":{"line":66,"column":98}},"loc":{"start":{"line":66,"column":101},"end":{"line":70,"column":17}},"line":66},"7":{"name":"(anonymous_7)","decl":{"start":{"line":67,"column":60},"end":{"line":67,"column":61}},"loc":{"start":{"line":67,"column":67},"end":{"line":67,"column":89}},"line":67},"8":{"name":"(anonymous_8)","decl":{"start":{"line":73,"column":115},"end":{"line":73,"column":116}},"loc":{"start":{"line":73,"column":120},"end":{"line":73,"column":147}},"line":73},"9":{"name":"(anonymous_9)","decl":{"start":{"line":79,"column":38},"end":{"line":79,"column":39}},"loc":{"start":{"line":79,"column":46},"end":{"line":83,"column":17}},"line":79}},"branchMap":{"0":{"loc":{"start":{"line":48,"column":6},"end":{"line":50,"column":7}},"type":"if","locations":[{"start":{"line":48,"column":6},"end":{"line":50,"column":7}},{"start":{},"end":{}}],"line":48},"1":{"loc":{"start":{"line":53,"column":11},"end":{"line":90,"column":5}},"type":"cond-expr","locations":[{"start":{"line":53,"column":36},"end":{"line":53,"column":47}},{"start":{"line":54,"column":8},"end":{"line":89,"column":14}}],"line":53}},"s":{"0":1,"1":6,"2":5,"3":5,"4":5,"5":5,"6":1,"7":5,"8":1,"9":1,"10":1,"11":1,"12":5,"13":5,"14":0,"15":5,"16":0,"17":0,"18":0,"19":0,"20":0,"21":0,"22":0,"23":0,"24":0,"25":0,"26":0},"f":{"0":6,"1":1,"2":1,"3":0,"4":0,"5":0,"6":0,"7":0,"8":0,"9":0},"b":{"0":[0,5],"1":[1,0]},"_coverageSchema":"1a1c01bbd47fc00a2c39e90264f33305004495a9","hash":"80040f6ac732569a1bcd8dd8cb2cd4c5696027fb"}
,"/home/battery/Start React Namasty React 2024 Learning/src/Components/Header.js": {"path":"/home/battery/Start React Namasty React 2024 Learning/src/Components/Header.js","statementMap":{"0":{"start":{"line":10,"column":13},"end":{"line":43,"column":1}},"1":{"start":{"line":12,"column":25},"end":{"line":12,"column":48}},"2":{"start":{"line":15,"column":32},"end":{"line":15,"column":49}},"3":{"start":{"line":16,"column":23},"end":{"line":16,"column":40}},"4":{"start":{"line":19,"column":20},"end":{"line":19,"column":58}},"5":{"start":{"line":19,"column":41},"end":{"line":19,"column":57}},"6":{"start":{"line":20,"column":4},"end":{"line":20,"column":26}},"7":{"start":{"line":22,"column":4},"end":{"line":42,"column":5}},"8":{"start":{"line":35,"column":64},"end":{"line":35,"column":127}}},"fnMap":{"0":{"name":"(anonymous_0)","decl":{"start":{"line":10,"column":13},"end":{"line":10,"column":14}},"loc":{"start":{"line":10,"column":17},"end":{"line":43,"column":1}},"line":10},"1":{"name":"(anonymous_1)","decl":{"start":{"line":19,"column":32},"end":{"line":19,"column":33}},"loc":{"start":{"line":19,"column":41},"end":{"line":19,"column":57}},"line":19},"2":{"name":"(anonymous_2)","decl":{"start":{"line":35,"column":59},"end":{"line":35,"column":60}},"loc":{"start":{"line":35,"column":63},"end":{"line":35,"column":128}},"line":35}},"branchMap":{"0":{"loc":{"start":{"line":34,"column":36},"end":{"line":34,"column":58}},"type":"cond-expr","locations":[{"start":{"line":34,"column":50},"end":{"line":34,"column":53}},{"start":{"line":34,"column":54},"end":{"line":34,"column":58}}],"line":34},"1":{"loc":{"start":{"line":35,"column":64},"end":{"line":35,"column":127}},"type":"cond-expr","locations":[{"start":{"line":35,"column":84},"end":{"line":35,"column":105}},{"start":{"line":35,"column":107},"end":{"line":35,"column":127}}],"line":35}},"s":{"0":1,"1":3,"2":3,"3":3,"4":3,"5":5,"6":3,"7":3,"8":1},"f":{"0":3,"1":5,"2":1},"b":{"0":[3,0],"1":[1,0]},"_coverageSchema":"1a1c01bbd47fc00a2c39e90264f33305004495a9","hash":"2f3bb0e0ec50f57edca1e78dd110d9defffc0eea"}
,"/home/battery/Start React Namasty React 2024 Learning/src/Components/RestrauntCard.js": {"path":"/home/battery/Start React Namasty React 2024 Learning/src/Components/RestrauntCard.js","statementMap":{"0":{"start":{"line":5,"column":15},"end":{"line":32,"column":5}},"1":{"start":{"line":7,"column":16},"end":{"line":7,"column":21}},"2":{"start":{"line":15,"column":6},"end":{"line":15,"column":10}},"3":{"start":{"line":16,"column":4},"end":{"line":16,"column":21}},"4":{"start":{"line":18,"column":8},"end":{"line":31,"column":9}}},"fnMap":{"0":{"name":"(anonymous_0)","decl":{"start":{"line":5,"column":15},"end":{"line":5,"column":16}},"loc":{"start":{"line":5,"column":24},"end":{"line":32,"column":5}},"line":5}},"branchMap":{},"s":{"0":2,"1":2,"2":2,"3":2,"4":2},"f":{"0":2},"b":{},"_coverageSchema":"1a1c01bbd47fc00a2c39e90264f33305004495a9","hash":"d5ec99bc285796604431b6ef080d5b611cc18952"}
,"/home/battery/Start React Namasty React 2024 Learning/src/Components/Shimmer.js": {"path":"/home/battery/Start React Namasty React 2024 Learning/src/Components/Shimmer.js","statementMap":{"0":{"start":{"line":1,"column":14},"end":{"line":16,"column":1}},"1":{"start":{"line":2,"column":4},"end":{"line":14,"column":5}}},"fnMap":{"0":{"name":"(anonymous_0)","decl":{"start":{"line":1,"column":14},"end":{"line":1,"column":15}},"loc":{"start":{"line":1,"column":18},"end":{"line":16,"column":1}},"line":1}},"branchMap":{},"s":{"0":1,"1":1},"f":{"0":1},"b":{},"_coverageSchema":"1a1c01bbd47fc00a2c39e90264f33305004495a9","hash":"df1f17f2ac7cfc2fbc7be0519ffa0e3b6ac6b7b0"}
,"/home/battery/Start React Namasty React 2024 Learning/src/Components/Redux/cartSlice.js": {"path":"/home/battery/Start React Namasty React 2024 Learning/src/Components/Redux/cartSlice.js","statementMap":{"0":{"start":{"line":3,"column":18},"end":{"line":19,"column":2}},"1":{"start":{"line":10,"column":12},"end":{"line":10,"column":45}},"2":{"start":{"line":13,"column":12},"end":{"line":13,"column":30}},"3":{"start":{"line":16,"column":12},"end":{"line":16,"column":35}},"4":{"start":{"line":21,"column":50},"end":{"line":21,"column":67}}},"fnMap":{"0":{"name":"(anonymous_0)","decl":{"start":{"line":9,"column":17},"end":{"line":9,"column":18}},"loc":{"start":{"line":9,"column":36},"end":{"line":11,"column":9}},"line":9},"1":{"name":"(anonymous_1)","decl":{"start":{"line":12,"column":20},"end":{"line":12,"column":21}},"loc":{"start":{"line":12,"column":31},"end":{"line":14,"column":9}},"line":12},"2":{"name":"(anonymous_2)","decl":{"start":{"line":15,"column":19},"end":{"line":15,"column":20}},"loc":{"start":{"line":15,"column":30},"end":{"line":17,"column":9}},"line":15}},"branchMap":{},"s":{"0":1,"1":0,"2":0,"3":0,"4":1},"f":{"0":0,"1":0,"2":0},"b":{},"_coverageSchema":"1a1c01bbd47fc00a2c39e90264f33305004495a9","hash":"cda6a2fb555572882c50a882912c2dcb5fe90a51"}
,"/home/battery/Start React Namasty React 2024 Learning/src/Components/utils/UserContext.js": {"path":"/home/battery/Start React Namasty React 2024 Learning/src/Components/utils/UserContext.js","statementMap":{"0":{"start":{"line":3,"column":18},"end":{"line":5,"column":2}}},"fnMap":{},"branchMap":{},"s":{"0":2},"f":{},"b":{},"_coverageSchema":"1a1c01bbd47fc00a2c39e90264f33305004495a9","hash":"f726ab5ac8e522b39abc657460c75090d5bdddfe"}
,"/home/battery/Start React Namasty React 2024 Learning/src/Components/utils/appStore.js": {"path":"/home/battery/Start React Namasty React 2024 Learning/src/Components/utils/appStore.js","statementMap":{"0":{"start":{"line":4,"column":15},"end":{"line":8,"column":2}}},"fnMap":{},"branchMap":{},"s":{"0":1},"f":{},"b":{},"_coverageSchema":"1a1c01bbd47fc00a2c39e90264f33305004495a9","hash":"23793d669ef50f5c55aa4f144b78e2c8c1e019bf"}
,"/home/battery/Start React Namasty React 2024 Learning/src/Components/utils/constants.js": {"path":"/home/battery/Start React Namasty React 2024 Learning/src/Components/utils/constants.js","statementMap":{"0":{"start":{"line":1,"column":22},"end":{"line":1,"column":95}},"1":{"start":{"line":3,"column":22},"end":{"line":3,"column":105}},"2":{"start":{"line":5,"column":22},"end":{"line":5,"column":145}},"3":{"start":{"line":7,"column":22},"end":{"line":7,"column":145}}},"fnMap":{},"branchMap":{},"s":{"0":3,"1":3,"2":3,"3":3},"f":{},"b":{},"_coverageSchema":"1a1c01bbd47fc00a2c39e90264f33305004495a9","hash":"05d127c6553ed37244480ae75beddc3df94b6af9"}
,"/home/battery/Start React Namasty React 2024 Learning/src/Components/utils/useOnlineStatus.js": {"path":"/home/battery/Start React Namasty React 2024 Learning/src/Components/utils/useOnlineStatus.js","statementMap":{"0":{"start":{"line":3,"column":24},"end":{"line":22,"column":1}},"1":{"start":{"line":5,"column":41},"end":{"line":5,"column":55}},"2":{"start":{"line":7,"column":4},"end":{"line":15,"column":9}},"3":{"start":{"line":8,"column":8},"end":{"line":10,"column":10}},"4":{"start":{"line":9,"column":16},"end":{"line":9,"column":37}},"5":{"start":{"line":12,"column":8},"end":{"line":14,"column":6}},"6":{"start":{"line":13,"column":12},"end":{"line":13,"column":34}},"7":{"start":{"line":18,"column":0},"end":{"line":18,"column":20}}},"fnMap":{"0":{"name":"(anonymous_0)","decl":{"start":{"line":3,"column":24},"end":{"line":3,"column":25}},"loc":{"start":{"line":3,"column":30},"end":{"line":22,"column":1}},"line":3},"1":{"name":"(anonymous_1)","decl":{"start":{"line":7,"column":14},"end":{"line":7,"column":15}},"loc":{"start":{"line":7,"column":18},"end":{"line":15,"column":5}},"line":7},"2":{"name":"(anonymous_2)","decl":{"start":{"line":8,"column":41},"end":{"line":8,"column":42}},"loc":{"start":{"line":8,"column":45},"end":{"line":10,"column":9}},"line":8},"3":{"name":"(anonymous_3)","decl":{"start":{"line":12,"column":42},"end":{"line":12,"column":43}},"loc":{"start":{"line":12,"column":46},"end":{"line":14,"column":5}},"line":12}},"branchMap":{},"s":{"0":2,"1":8,"2":8,"3":3,"4":0,"5":3,"6":0,"7":8},"f":{"0":8,"1":3,"2":0,"3":0},"b":{},"_coverageSchema":"1a1c01bbd47fc00a2c39e90264f33305004495a9","hash":"d93eafd042d319c11f596bd02ce45373121db11c"}
,"/home/battery/Start React Namasty React 2024 Learning/src/Pages/Contact.js": {"path":"/home/battery/Start React Namasty React 2024 Learning/src/Pages/Contact.js","statementMap":{"0":{"start":{"line":5,"column":16},"end":{"line":19,"column":1}},"1":{"start":{"line":9,"column":2},"end":{"line":18,"column":3}}},"fnMap":{"0":{"name":"(anonymous_0)","decl":{"start":{"line":5,"column":16},"end":{"line":5,"column":17}},"loc":{"start":{"line":5,"column":22},"end":{"line":19,"column":1}},"line":5}},"branchMap":{},"s":{"0":1,"1":1},"f":{"0":1},"b":{},"_coverageSchema":"1a1c01bbd47fc00a2c39e90264f33305004495a9","hash":"4ca5a9357ddab42f770a22ca135123063881e1cc"}
}
